  Neuron.cpp
c1xx : fatal error C1083: Cannot open source file: '..\..\..\..\Documents\Github\FirstNeuralNet\src\Neuron.cpp': No such file or directory
  NeuronLayer.cpp
c1xx : fatal error C1083: Cannot open source file: '..\..\..\..\Documents\Github\FirstNeuralNet\src\NeuronLayer.cpp': No such file or directory
  LinAlgUtil.cpp
c:\users\cblagden\source\repos\firstneuralnet\linalgutil.cpp(26): warning C4018: '<': signed/unsigned mismatch
c:\users\cblagden\source\repos\firstneuralnet\linalgutil.cpp(30): warning C4018: '<': signed/unsigned mismatch
c:\users\cblagden\source\repos\firstneuralnet\linalgutil.cpp(43): warning C4018: '<': signed/unsigned mismatch
c:\users\cblagden\source\repos\firstneuralnet\linalgutil.cpp(47): warning C4018: '<': signed/unsigned mismatch
c:\users\cblagden\source\repos\firstneuralnet\linalgutil.cpp(60): warning C4018: '<': signed/unsigned mismatch
c:\users\cblagden\source\repos\firstneuralnet\linalgutil.cpp(64): warning C4018: '<': signed/unsigned mismatch
c:\users\cblagden\source\repos\firstneuralnet\linalgutil.cpp(81): warning C4018: '<': signed/unsigned mismatch
c:\users\cblagden\source\repos\firstneuralnet\linalgutil.cpp(85): warning C4018: '<': signed/unsigned mismatch
c:\users\cblagden\source\repos\firstneuralnet\linalgutil.cpp(102): warning C4018: '<': signed/unsigned mismatch
c:\users\cblagden\source\repos\firstneuralnet\linalgutil.cpp(106): warning C4018: '<': signed/unsigned mismatch
c:\users\cblagden\source\repos\firstneuralnet\linalgutil.cpp(123): warning C4018: '<': signed/unsigned mismatch
c:\users\cblagden\source\repos\firstneuralnet\linalgutil.cpp(127): warning C4018: '<': signed/unsigned mismatch
c:\users\cblagden\source\repos\firstneuralnet\linalgutil.cpp(130): warning C4018: '<': signed/unsigned mismatch
c:\users\cblagden\source\repos\firstneuralnet\linalgutil.cpp(147): warning C4018: '<': signed/unsigned mismatch
c:\users\cblagden\source\repos\firstneuralnet\linalgutil.cpp(149): warning C4018: '<': signed/unsigned mismatch
c:\users\cblagden\source\repos\firstneuralnet\linalgutil.cpp(164): warning C4018: '<': signed/unsigned mismatch
c:\users\cblagden\source\repos\firstneuralnet\linalgutil.cpp(168): warning C4018: '<': signed/unsigned mismatch
c:\users\cblagden\source\repos\firstneuralnet\linalgutil.cpp(185): warning C4018: '<': signed/unsigned mismatch
c:\users\cblagden\source\repos\firstneuralnet\linalgutil.cpp(189): warning C4018: '<': signed/unsigned mismatch
c:\users\cblagden\source\repos\firstneuralnet\linalgutil.cpp(202): warning C4018: '<': signed/unsigned mismatch
c:\users\cblagden\source\repos\firstneuralnet\linalgutil.cpp(206): warning C4018: '<': signed/unsigned mismatch
c:\users\cblagden\source\repos\firstneuralnet\linalgutil.cpp(220): warning C4018: '<': signed/unsigned mismatch
c:\users\cblagden\source\repos\firstneuralnet\linalgutil.cpp(224): warning C4018: '<': signed/unsigned mismatch
c:\users\cblagden\source\repos\firstneuralnet\linalgutil.cpp(241): warning C4018: '<': signed/unsigned mismatch
c:\users\cblagden\source\repos\firstneuralnet\linalgutil.cpp(245): warning C4018: '<': signed/unsigned mismatch
c:\users\cblagden\source\repos\firstneuralnet\linalgutil.cpp(263): warning C4244: 'argument': conversion from 'time_t' to 'unsigned int', possible loss of data
c:\users\cblagden\source\repos\firstneuralnet\linalgutil.cpp(266): warning C4018: '<': signed/unsigned mismatch
c:\users\cblagden\source\repos\firstneuralnet\linalgutil.cpp(270): warning C4018: '<': signed/unsigned mismatch
c:\users\cblagden\source\repos\firstneuralnet\linalgutil.cpp(284): warning C4018: '<': signed/unsigned mismatch
c:\users\cblagden\source\repos\firstneuralnet\linalgutil.cpp(288): warning C4018: '<': signed/unsigned mismatch
c:\users\cblagden\source\repos\firstneuralnet\linalgutil.cpp(300): warning C4018: '<': signed/unsigned mismatch
c:\users\cblagden\source\repos\firstneuralnet\linalgutil.cpp(302): warning C4018: '<': signed/unsigned mismatch
c:\users\cblagden\source\repos\firstneuralnet\linalgutil.cpp(380): warning C4018: '<': signed/unsigned mismatch
c:\users\cblagden\source\repos\firstneuralnet\linalgutil.cpp(382): warning C4018: '<': signed/unsigned mismatch
  LinAlgUtilTest.cpp
c:\program files (x86)\microsoft visual studio\2017\community\vc\tools\msvc\14.14.26428\include\type_traits(16707566): warning C4244: 'argument': conversion from 'double' to 'float', possible loss of data
  c:\program files (x86)\microsoft visual studio\2017\community\vc\tools\msvc\14.14.26428\include\type_traits(16707566): note: see reference to function template instantiation 'float std::_Invoker_functor::_Call<_Fx&,_Ty>(_Callable,_Ty &&) noexcept(false)' being compiled
          with
          [
              _Fx=checkTransform::<lambda_b937a0d6ed9b94565bc2af46a8903879>,
              _Ty=double,
              _Callable=checkTransform::<lambda_b937a0d6ed9b94565bc2af46a8903879> &
          ]
  c:\program files (x86)\microsoft visual studio\2017\community\vc\tools\msvc\14.14.26428\include\type_traits(15732480): note: see reference to function template instantiation 'float std::invoke<_Fx&,double>(_Callable,double &&) noexcept(false)' being compiled
          with
          [
              _Fx=checkTransform::<lambda_b937a0d6ed9b94565bc2af46a8903879>,
              _Callable=checkTransform::<lambda_b937a0d6ed9b94565bc2af46a8903879> &
          ]
  c:\program files (x86)\microsoft visual studio\2017\community\vc\tools\msvc\14.14.26428\include\functional(16707566): note: see reference to function template instantiation '_Rx std::_Invoker_ret<_Rx,false>::_Call<_Callable&,_Ty>(_Callable &,_Ty &&)' being compiled
          with
          [
              _Rx=double,
              _Callable=checkTransform::<lambda_b937a0d6ed9b94565bc2af46a8903879>,
              _Ty=double
          ]
  c:\program files (x86)\microsoft visual studio\2017\community\vc\tools\msvc\14.14.26428\include\functional(16707566): note: see reference to function template instantiation '_Rx std::_Invoker_ret<_Rx,false>::_Call<_Callable&,_Ty>(_Callable &,_Ty &&)' being compiled
          with
          [
              _Rx=double,
              _Callable=checkTransform::<lambda_b937a0d6ed9b94565bc2af46a8903879>,
              _Ty=double
          ]
  c:\program files (x86)\microsoft visual studio\2017\community\vc\tools\msvc\14.14.26428\include\functional(15732480): note: while compiling class template member function 'double std::_Func_impl_no_alloc<checkTransform::<lambda_b937a0d6ed9b94565bc2af46a8903879>,_Ret,double>::_Do_call(double &&)'
          with
          [
              _Ret=double
          ]
  c:\program files (x86)\microsoft visual studio\2017\community\vc\tools\msvc\14.14.26428\include\functional(1061): note: see reference to class template instantiation 'std::_Func_impl_no_alloc<checkTransform::<lambda_b937a0d6ed9b94565bc2af46a8903879>,_Ret,double>' being compiled
          with
          [
              _Ret=double
          ]
  c:\program files (x86)\microsoft visual studio\2017\community\vc\tools\msvc\14.14.26428\include\functional(1312): note: see reference to class template instantiation 'std::_Is_large<_Impl>' being compiled
  c:\program files (x86)\microsoft visual studio\2017\community\vc\tools\msvc\14.14.26428\include\functional(1501): note: see reference to function template instantiation 'void std::_Func_class<_Ret,double>::_Reset<checkTransform::<lambda_b937a0d6ed9b94565bc2af46a8903879>>(_Fx &&)' being compiled
          with
          [
              _Ret=double,
              _Fx=checkTransform::<lambda_b937a0d6ed9b94565bc2af46a8903879>
          ]
  c:\program files (x86)\microsoft visual studio\2017\community\vc\tools\msvc\14.14.26428\include\functional(1501): note: see reference to function template instantiation 'void std::_Func_class<_Ret,double>::_Reset<checkTransform::<lambda_b937a0d6ed9b94565bc2af46a8903879>>(_Fx &&)' being compiled
          with
          [
              _Ret=double,
              _Fx=checkTransform::<lambda_b937a0d6ed9b94565bc2af46a8903879>
          ]
  c:\users\cblagden\source\repos\firstneuralnet\linalgutiltest.cpp(127): note: see reference to function template instantiation 'std::function<double (double)>::function<checkTransform::<lambda_b937a0d6ed9b94565bc2af46a8903879>,void>(_Fx)' being compiled
          with
          [
              _Fx=checkTransform::<lambda_b937a0d6ed9b94565bc2af46a8903879>
          ]
  c:\users\cblagden\source\repos\firstneuralnet\linalgutiltest.cpp(125): note: see reference to function template instantiation 'std::function<double (double)>::function<checkTransform::<lambda_b937a0d6ed9b94565bc2af46a8903879>,void>(_Fx)' being compiled
          with
          [
              _Fx=checkTransform::<lambda_b937a0d6ed9b94565bc2af46a8903879>
          ]
  Main.cpp
  NeuralNet.cpp
c:\users\cblagden\source\repos\firstneuralnet\neuralnet.cpp(6): fatal error C1083: Cannot open include file: 'boost/filesystem.hpp': No such file or directory
  Generating Code...
